mode: set
github.com/kalpovskii/checklist/cmd/api/main.go:20.19,24.2 3 0
github.com/kalpovskii/checklist/cmd/api/main.go:26.13,35.36 6 0
github.com/kalpovskii/checklist/cmd/api/main.go:35.36,37.3 1 0
github.com/kalpovskii/checklist/cmd/api/main.go:40.2,41.16 2 0
github.com/kalpovskii/checklist/cmd/api/main.go:41.16,43.3 1 0
github.com/kalpovskii/checklist/cmd/api/main.go:44.2,57.41 8 0
github.com/kalpovskii/checklist/cmd/api/main.go:57.41,57.69 1 0
github.com/kalpovskii/checklist/cmd/api/main.go:58.2,58.38 1 0
github.com/kalpovskii/checklist/cmd/api/main.go:58.38,58.66 1 0
github.com/kalpovskii/checklist/cmd/api/main.go:59.2,59.43 1 0
github.com/kalpovskii/checklist/cmd/api/main.go:59.43,59.73 1 0
github.com/kalpovskii/checklist/cmd/api/main.go:60.2,60.38 1 0
github.com/kalpovskii/checklist/cmd/api/main.go:60.38,60.66 1 0
github.com/kalpovskii/checklist/cmd/api/main.go:62.2,62.33 1 0
github.com/kalpovskii/checklist/cmd/api/main.go:65.62,66.21 1 1
github.com/kalpovskii/checklist/cmd/api/main.go:66.21,68.3 1 0
github.com/kalpovskii/checklist/cmd/api/main.go:71.62,76.41 2 1
github.com/kalpovskii/checklist/cmd/api/main.go:76.41,79.3 2 1
github.com/kalpovskii/checklist/cmd/api/main.go:81.2,88.16 4 1
github.com/kalpovskii/checklist/cmd/api/main.go:88.16,91.3 2 1
github.com/kalpovskii/checklist/cmd/api/main.go:93.2,95.33 2 1
github.com/kalpovskii/checklist/cmd/api/main.go:98.60,103.16 4 1
github.com/kalpovskii/checklist/cmd/api/main.go:103.16,106.3 2 0
github.com/kalpovskii/checklist/cmd/api/main.go:108.2,110.34 2 1
github.com/kalpovskii/checklist/cmd/api/main.go:113.62,117.41 2 1
github.com/kalpovskii/checklist/cmd/api/main.go:117.41,120.3 2 0
github.com/kalpovskii/checklist/cmd/api/main.go:122.2,126.16 4 1
github.com/kalpovskii/checklist/cmd/api/main.go:126.16,129.3 2 0
github.com/kalpovskii/checklist/cmd/api/main.go:131.2,133.28 2 1
github.com/kalpovskii/checklist/cmd/api/main.go:136.60,140.41 2 1
github.com/kalpovskii/checklist/cmd/api/main.go:140.41,143.3 2 0
github.com/kalpovskii/checklist/cmd/api/main.go:145.2,149.16 4 1
github.com/kalpovskii/checklist/cmd/api/main.go:149.16,152.3 2 0
github.com/kalpovskii/checklist/cmd/api/main.go:154.2,156.28 2 1
github.com/kalpovskii/checklist/cmd/kafka-logger/main.go:13.19,16.2 2 0
github.com/kalpovskii/checklist/cmd/kafka-logger/main.go:18.13,25.50 5 0
github.com/kalpovskii/checklist/cmd/kafka-logger/main.go:25.50,27.3 1 0
github.com/kalpovskii/checklist/cmd/kafka-logger/main.go:29.2,30.16 2 0
github.com/kalpovskii/checklist/cmd/kafka-logger/main.go:30.16,32.3 1 0
github.com/kalpovskii/checklist/cmd/kafka-logger/main.go:33.2,44.6 5 0
github.com/kalpovskii/checklist/cmd/kafka-logger/main.go:44.6,46.17 2 0
github.com/kalpovskii/checklist/cmd/kafka-logger/main.go:46.17,48.12 2 0
github.com/kalpovskii/checklist/cmd/kafka-logger/main.go:51.3,51.79 1 0
github.com/kalpovskii/checklist/internal/app/repositories/postgres.go:23.65,25.16 2 0
github.com/kalpovskii/checklist/internal/app/repositories/postgres.go:25.16,27.3 1 0
github.com/kalpovskii/checklist/internal/app/repositories/postgres.go:29.2,38.16 2 0
github.com/kalpovskii/checklist/internal/app/repositories/postgres.go:38.16,40.3 1 0
github.com/kalpovskii/checklist/internal/app/repositories/postgres.go:42.2,42.39 1 0
github.com/kalpovskii/checklist/internal/app/repositories/postgres.go:45.60,51.2 4 0
github.com/kalpovskii/checklist/internal/app/repositories/postgres.go:53.58,55.16 2 0
github.com/kalpovskii/checklist/internal/app/repositories/postgres.go:55.16,57.3 1 0
github.com/kalpovskii/checklist/internal/app/repositories/postgres.go:58.2,60.18 3 0
github.com/kalpovskii/checklist/internal/app/repositories/postgres.go:60.18,63.17 3 0
github.com/kalpovskii/checklist/internal/app/repositories/postgres.go:63.17,65.4 1 0
github.com/kalpovskii/checklist/internal/app/repositories/postgres.go:66.3,66.27 1 0
github.com/kalpovskii/checklist/internal/app/repositories/postgres.go:68.2,68.19 1 0
github.com/kalpovskii/checklist/internal/app/repositories/postgres.go:71.55,74.2 2 0
github.com/kalpovskii/checklist/internal/app/repositories/postgres.go:76.57,79.2 2 0
github.com/kalpovskii/checklist/internal/app/repositories/redis.go:27.69,29.2 1 0
github.com/kalpovskii/checklist/internal/app/repositories/redis.go:31.32,33.2 1 0
github.com/kalpovskii/checklist/internal/app/repositories/redis.go:40.25,43.22 2 0
github.com/kalpovskii/checklist/internal/app/repositories/redis.go:43.22,45.3 1 0
github.com/kalpovskii/checklist/internal/app/repositories/redis.go:46.2,46.16 1 0
github.com/kalpovskii/checklist/internal/app/repositories/redis.go:46.16,48.3 1 0
github.com/kalpovskii/checklist/internal/app/repositories/redis.go:50.2,51.59 2 0
github.com/kalpovskii/checklist/internal/app/repositories/redis.go:51.59,53.3 1 0
github.com/kalpovskii/checklist/internal/app/repositories/redis.go:55.2,55.19 1 0
github.com/kalpovskii/checklist/internal/app/repositories/redis.go:62.9,65.16 2 0
github.com/kalpovskii/checklist/internal/app/repositories/redis.go:65.16,67.3 1 0
github.com/kalpovskii/checklist/internal/app/repositories/redis.go:69.2,69.67 1 0
github.com/kalpovskii/checklist/internal/app/repositories/redis.go:72.80,74.2 1 0
github.com/kalpovskii/checklist/internal/app/repositories/redis.go:76.73,78.2 1 0
github.com/kalpovskii/checklist/internal/app/repositories/redis.go:80.87,82.22 2 0
github.com/kalpovskii/checklist/internal/app/repositories/redis.go:82.22,84.3 1 0
github.com/kalpovskii/checklist/internal/app/repositories/redis.go:85.2,85.16 1 0
github.com/kalpovskii/checklist/internal/app/repositories/redis.go:85.16,87.3 1 0
github.com/kalpovskii/checklist/internal/app/repositories/redis.go:89.2,90.60 2 0
github.com/kalpovskii/checklist/internal/app/repositories/redis.go:90.60,92.3 1 0
github.com/kalpovskii/checklist/internal/app/repositories/redis.go:94.2,94.19 1 0
github.com/kalpovskii/checklist/internal/app/repositories/redis.go:101.9,104.16 2 0
github.com/kalpovskii/checklist/internal/app/repositories/redis.go:104.16,106.3 1 0
github.com/kalpovskii/checklist/internal/app/repositories/redis.go:108.2,108.53 1 0
github.com/kalpovskii/checklist/internal/kafka/producer.go:15.50,23.2 1 0
github.com/kalpovskii/checklist/internal/kafka/producer.go:25.45,32.74 2 0
github.com/kalpovskii/checklist/internal/kafka/producer.go:32.74,34.3 1 0
github.com/kalpovskii/checklist/internal/app/services/task.go:22.98,27.2 1 0
github.com/kalpovskii/checklist/internal/app/services/task.go:29.75,35.44 2 0
github.com/kalpovskii/checklist/internal/app/services/task.go:35.44,37.3 1 0
github.com/kalpovskii/checklist/internal/app/services/task.go:39.2,44.18 4 0
github.com/kalpovskii/checklist/internal/app/services/task.go:47.53,50.72 2 0
github.com/kalpovskii/checklist/internal/app/services/task.go:50.72,52.3 1 0
github.com/kalpovskii/checklist/internal/app/services/task.go:54.2,55.16 2 0
github.com/kalpovskii/checklist/internal/app/services/task.go:55.16,57.3 1 0
github.com/kalpovskii/checklist/internal/app/services/task.go:59.2,61.19 2 0
github.com/kalpovskii/checklist/internal/app/services/task.go:64.50,65.42 1 0
github.com/kalpovskii/checklist/internal/app/services/task.go:65.42,67.3 1 0
github.com/kalpovskii/checklist/internal/app/services/task.go:69.2,74.12 4 0
github.com/kalpovskii/checklist/internal/app/services/task.go:77.52,78.44 1 0
github.com/kalpovskii/checklist/internal/app/services/task.go:78.44,80.3 1 0
github.com/kalpovskii/checklist/internal/app/services/task.go:82.2,87.12 4 0
github.com/kalpovskii/checklist/cmd/db/main.go:25.103,27.16 2 0
github.com/kalpovskii/checklist/cmd/db/main.go:27.16,29.3 1 0
github.com/kalpovskii/checklist/cmd/db/main.go:30.2,38.8 1 0
github.com/kalpovskii/checklist/cmd/db/main.go:41.98,43.19 2 0
github.com/kalpovskii/checklist/cmd/db/main.go:43.19,45.6 1 0
github.com/kalpovskii/checklist/cmd/db/main.go:47.5,48.29 2 0
github.com/kalpovskii/checklist/cmd/db/main.go:48.29,56.6 1 0
github.com/kalpovskii/checklist/cmd/db/main.go:57.5,57.21 1 0
github.com/kalpovskii/checklist/cmd/db/main.go:60.101,62.17 2 0
github.com/kalpovskii/checklist/cmd/db/main.go:62.17,64.3 1 0
github.com/kalpovskii/checklist/cmd/db/main.go:66.2,67.16 2 0
github.com/kalpovskii/checklist/cmd/db/main.go:67.16,69.3 1 0
github.com/kalpovskii/checklist/cmd/db/main.go:70.2,70.51 1 0
github.com/kalpovskii/checklist/cmd/db/main.go:73.103,75.16 2 0
github.com/kalpovskii/checklist/cmd/db/main.go:75.16,77.3 1 0
github.com/kalpovskii/checklist/cmd/db/main.go:78.2,79.16 2 0
github.com/kalpovskii/checklist/cmd/db/main.go:79.16,81.3 1 0
github.com/kalpovskii/checklist/cmd/db/main.go:82.2,82.48 1 0
github.com/kalpovskii/checklist/cmd/db/main.go:85.13,90.21 4 0
github.com/kalpovskii/checklist/cmd/db/main.go:90.21,92.3 1 0
github.com/kalpovskii/checklist/cmd/db/main.go:93.2,95.29 3 0
github.com/kalpovskii/checklist/cmd/db/main.go:95.29,97.3 1 0
github.com/kalpovskii/checklist/cmd/db/main.go:99.2,100.16 2 0
github.com/kalpovskii/checklist/cmd/db/main.go:100.16,102.3 1 0
github.com/kalpovskii/checklist/cmd/db/main.go:104.2,110.45 4 0
github.com/kalpovskii/checklist/cmd/db/main.go:110.45,112.4 1 0
github.com/kalpovskii/checklist/cmd/db/main.go:113.2,120.16 5 0
github.com/kalpovskii/checklist/cmd/db/main.go:120.16,122.3 1 0
github.com/kalpovskii/checklist/cmd/db/main.go:124.2,128.46 4 0
github.com/kalpovskii/checklist/cmd/db/main.go:128.46,130.3 1 0
github.com/kalpovskii/checklist/internal/app/pb/task.pb.go:37.24,42.2 4 0
github.com/kalpovskii/checklist/internal/app/pb/task.pb.go:44.32,46.2 1 0
github.com/kalpovskii/checklist/internal/app/pb/task.pb.go:48.30,48.31 0 0
github.com/kalpovskii/checklist/internal/app/pb/task.pb.go:50.52,52.14 2 0
github.com/kalpovskii/checklist/internal/app/pb/task.pb.go:52.14,54.34 2 0
github.com/kalpovskii/checklist/internal/app/pb/task.pb.go:54.34,56.4 1 0
github.com/kalpovskii/checklist/internal/app/pb/task.pb.go:57.3,57.12 1 0
github.com/kalpovskii/checklist/internal/app/pb/task.pb.go:59.2,59.24 1 0
github.com/kalpovskii/checklist/internal/app/pb/task.pb.go:63.43,65.2 1 0
github.com/kalpovskii/checklist/internal/app/pb/task.pb.go:67.31,68.14 1 0
github.com/kalpovskii/checklist/internal/app/pb/task.pb.go:68.14,70.3 1 0
github.com/kalpovskii/checklist/internal/app/pb/task.pb.go:71.2,71.11 1 0
github.com/kalpovskii/checklist/internal/app/pb/task.pb.go:74.34,75.14 1 0
github.com/kalpovskii/checklist/internal/app/pb/task.pb.go:75.14,77.3 1 0
github.com/kalpovskii/checklist/internal/app/pb/task.pb.go:78.2,78.11 1 0
github.com/kalpovskii/checklist/internal/app/pb/task.pb.go:81.36,82.14 1 0
github.com/kalpovskii/checklist/internal/app/pb/task.pb.go:82.14,84.3 1 0
github.com/kalpovskii/checklist/internal/app/pb/task.pb.go:85.2,85.11 1 0
github.com/kalpovskii/checklist/internal/app/pb/task.pb.go:88.31,89.14 1 0
github.com/kalpovskii/checklist/internal/app/pb/task.pb.go:89.14,91.3 1 0
github.com/kalpovskii/checklist/internal/app/pb/task.pb.go:92.2,92.14 1 0
github.com/kalpovskii/checklist/internal/app/pb/task.pb.go:95.54,96.14 1 0
github.com/kalpovskii/checklist/internal/app/pb/task.pb.go:96.14,98.3 1 0
github.com/kalpovskii/checklist/internal/app/pb/task.pb.go:99.2,99.12 1 0
github.com/kalpovskii/checklist/internal/app/pb/task.pb.go:110.37,115.2 4 0
github.com/kalpovskii/checklist/internal/app/pb/task.pb.go:117.45,119.2 1 0
github.com/kalpovskii/checklist/internal/app/pb/task.pb.go:121.43,121.44 0 0
github.com/kalpovskii/checklist/internal/app/pb/task.pb.go:123.65,125.14 2 0
github.com/kalpovskii/checklist/internal/app/pb/task.pb.go:125.14,127.34 2 0
github.com/kalpovskii/checklist/internal/app/pb/task.pb.go:127.34,129.4 1 0
github.com/kalpovskii/checklist/internal/app/pb/task.pb.go:130.3,130.12 1 0
github.com/kalpovskii/checklist/internal/app/pb/task.pb.go:132.2,132.24 1 0
github.com/kalpovskii/checklist/internal/app/pb/task.pb.go:136.56,138.2 1 0
github.com/kalpovskii/checklist/internal/app/pb/task.pb.go:140.47,141.14 1 0
github.com/kalpovskii/checklist/internal/app/pb/task.pb.go:141.14,143.3 1 0
github.com/kalpovskii/checklist/internal/app/pb/task.pb.go:144.2,144.11 1 0
github.com/kalpovskii/checklist/internal/app/pb/task.pb.go:147.49,148.14 1 0
github.com/kalpovskii/checklist/internal/app/pb/task.pb.go:148.14,150.3 1 0
github.com/kalpovskii/checklist/internal/app/pb/task.pb.go:151.2,151.11 1 0
github.com/kalpovskii/checklist/internal/app/pb/task.pb.go:161.32,166.2 4 0
github.com/kalpovskii/checklist/internal/app/pb/task.pb.go:168.40,170.2 1 0
github.com/kalpovskii/checklist/internal/app/pb/task.pb.go:172.38,172.39 0 0
github.com/kalpovskii/checklist/internal/app/pb/task.pb.go:174.60,176.14 2 0
github.com/kalpovskii/checklist/internal/app/pb/task.pb.go:176.14,178.34 2 0
github.com/kalpovskii/checklist/internal/app/pb/task.pb.go:178.34,180.4 1 0
github.com/kalpovskii/checklist/internal/app/pb/task.pb.go:181.3,181.12 1 0
github.com/kalpovskii/checklist/internal/app/pb/task.pb.go:183.2,183.24 1 0
github.com/kalpovskii/checklist/internal/app/pb/task.pb.go:187.51,189.2 1 0
github.com/kalpovskii/checklist/internal/app/pb/task.pb.go:191.40,192.14 1 0
github.com/kalpovskii/checklist/internal/app/pb/task.pb.go:192.14,194.3 1 0
github.com/kalpovskii/checklist/internal/app/pb/task.pb.go:195.2,195.12 1 0
github.com/kalpovskii/checklist/internal/app/pb/task.pb.go:205.33,210.2 4 0
github.com/kalpovskii/checklist/internal/app/pb/task.pb.go:212.41,214.2 1 0
github.com/kalpovskii/checklist/internal/app/pb/task.pb.go:216.39,216.40 0 0
github.com/kalpovskii/checklist/internal/app/pb/task.pb.go:218.61,220.14 2 0
github.com/kalpovskii/checklist/internal/app/pb/task.pb.go:220.14,222.34 2 0
github.com/kalpovskii/checklist/internal/app/pb/task.pb.go:222.34,224.4 1 0
github.com/kalpovskii/checklist/internal/app/pb/task.pb.go:225.3,225.12 1 0
github.com/kalpovskii/checklist/internal/app/pb/task.pb.go:227.2,227.24 1 0
github.com/kalpovskii/checklist/internal/app/pb/task.pb.go:231.52,233.2 1 0
github.com/kalpovskii/checklist/internal/app/pb/task.pb.go:235.40,236.14 1 0
github.com/kalpovskii/checklist/internal/app/pb/task.pb.go:236.14,238.3 1 0
github.com/kalpovskii/checklist/internal/app/pb/task.pb.go:239.2,239.11 1 0
github.com/kalpovskii/checklist/internal/app/pb/task.pb.go:249.34,254.2 4 0
github.com/kalpovskii/checklist/internal/app/pb/task.pb.go:256.42,258.2 1 0
github.com/kalpovskii/checklist/internal/app/pb/task.pb.go:260.40,260.41 0 0
github.com/kalpovskii/checklist/internal/app/pb/task.pb.go:262.62,264.14 2 0
github.com/kalpovskii/checklist/internal/app/pb/task.pb.go:264.14,266.34 2 0
github.com/kalpovskii/checklist/internal/app/pb/task.pb.go:266.34,268.4 1 0
github.com/kalpovskii/checklist/internal/app/pb/task.pb.go:269.3,269.12 1 0
github.com/kalpovskii/checklist/internal/app/pb/task.pb.go:271.2,271.24 1 0
github.com/kalpovskii/checklist/internal/app/pb/task.pb.go:275.53,277.2 1 0
github.com/kalpovskii/checklist/internal/app/pb/task.pb.go:279.45,280.14 1 0
github.com/kalpovskii/checklist/internal/app/pb/task.pb.go:280.14,282.3 1 0
github.com/kalpovskii/checklist/internal/app/pb/task.pb.go:283.2,283.11 1 0
github.com/kalpovskii/checklist/internal/app/pb/task.pb.go:293.36,298.2 4 0
github.com/kalpovskii/checklist/internal/app/pb/task.pb.go:300.44,302.2 1 0
github.com/kalpovskii/checklist/internal/app/pb/task.pb.go:304.42,304.43 0 0
github.com/kalpovskii/checklist/internal/app/pb/task.pb.go:306.64,308.14 2 0
github.com/kalpovskii/checklist/internal/app/pb/task.pb.go:308.14,310.34 2 0
github.com/kalpovskii/checklist/internal/app/pb/task.pb.go:310.34,312.4 1 0
github.com/kalpovskii/checklist/internal/app/pb/task.pb.go:313.3,313.12 1 0
github.com/kalpovskii/checklist/internal/app/pb/task.pb.go:315.2,315.24 1 0
github.com/kalpovskii/checklist/internal/app/pb/task.pb.go:319.55,321.2 1 0
github.com/kalpovskii/checklist/internal/app/pb/task.pb.go:323.47,324.14 1 0
github.com/kalpovskii/checklist/internal/app/pb/task.pb.go:324.14,326.3 1 0
github.com/kalpovskii/checklist/internal/app/pb/task.pb.go:327.2,327.12 1 0
github.com/kalpovskii/checklist/internal/app/pb/task.pb.go:364.59,365.56 1 0
github.com/kalpovskii/checklist/internal/app/pb/task.pb.go:365.56,367.3 1 0
github.com/kalpovskii/checklist/internal/app/pb/task.pb.go:368.2,368.52 1 0
github.com/kalpovskii/checklist/internal/app/pb/task.pb.go:401.13,401.55 1 0
github.com/kalpovskii/checklist/internal/app/pb/task.pb.go:402.45,403.44 1 0
github.com/kalpovskii/checklist/internal/app/pb/task.pb.go:403.44,405.3 1 0
github.com/kalpovskii/checklist/internal/app/pb/task.pb.go:406.2,422.47 5 0
github.com/kalpovskii/checklist/internal/app/pb/task_grpc.pb.go:43.74,45.2 1 0
github.com/kalpovskii/checklist/internal/app/pb/task_grpc.pb.go:47.128,51.16 4 0
github.com/kalpovskii/checklist/internal/app/pb/task_grpc.pb.go:51.16,53.3 1 0
github.com/kalpovskii/checklist/internal/app/pb/task_grpc.pb.go:54.2,54.17 1 0
github.com/kalpovskii/checklist/internal/app/pb/task_grpc.pb.go:57.126,61.16 4 0
github.com/kalpovskii/checklist/internal/app/pb/task_grpc.pb.go:61.16,63.3 1 0
github.com/kalpovskii/checklist/internal/app/pb/task_grpc.pb.go:64.2,64.17 1 0
github.com/kalpovskii/checklist/internal/app/pb/task_grpc.pb.go:67.126,71.16 4 0
github.com/kalpovskii/checklist/internal/app/pb/task_grpc.pb.go:71.16,73.3 1 0
github.com/kalpovskii/checklist/internal/app/pb/task_grpc.pb.go:74.2,74.17 1 0
github.com/kalpovskii/checklist/internal/app/pb/task_grpc.pb.go:77.128,81.16 4 0
github.com/kalpovskii/checklist/internal/app/pb/task_grpc.pb.go:81.16,83.3 1 0
github.com/kalpovskii/checklist/internal/app/pb/task_grpc.pb.go:84.2,84.17 1 0
github.com/kalpovskii/checklist/internal/app/pb/task_grpc.pb.go:105.106,107.2 1 0
github.com/kalpovskii/checklist/internal/app/pb/task_grpc.pb.go:108.104,110.2 1 0
github.com/kalpovskii/checklist/internal/app/pb/task_grpc.pb.go:111.104,113.2 1 0
github.com/kalpovskii/checklist/internal/app/pb/task_grpc.pb.go:114.106,116.2 1 0
github.com/kalpovskii/checklist/internal/app/pb/task_grpc.pb.go:117.82,117.83 0 0
github.com/kalpovskii/checklist/internal/app/pb/task_grpc.pb.go:118.82,118.83 0 0
github.com/kalpovskii/checklist/internal/app/pb/task_grpc.pb.go:127.80,132.59 1 0
github.com/kalpovskii/checklist/internal/app/pb/task_grpc.pb.go:132.59,134.3 1 0
github.com/kalpovskii/checklist/internal/app/pb/task_grpc.pb.go:135.2,135.50 1 0
github.com/kalpovskii/checklist/internal/app/pb/task_grpc.pb.go:138.163,140.32 2 0
github.com/kalpovskii/checklist/internal/app/pb/task_grpc.pb.go:140.32,142.3 1 0
github.com/kalpovskii/checklist/internal/app/pb/task_grpc.pb.go:143.2,143.24 1 0
github.com/kalpovskii/checklist/internal/app/pb/task_grpc.pb.go:143.24,145.3 1 0
github.com/kalpovskii/checklist/internal/app/pb/task_grpc.pb.go:146.2,150.77 2 0
github.com/kalpovskii/checklist/internal/app/pb/task_grpc.pb.go:150.77,152.3 1 0
github.com/kalpovskii/checklist/internal/app/pb/task_grpc.pb.go:153.2,153.44 1 0
github.com/kalpovskii/checklist/internal/app/pb/task_grpc.pb.go:156.161,158.32 2 0
github.com/kalpovskii/checklist/internal/app/pb/task_grpc.pb.go:158.32,160.3 1 0
github.com/kalpovskii/checklist/internal/app/pb/task_grpc.pb.go:161.2,161.24 1 0
github.com/kalpovskii/checklist/internal/app/pb/task_grpc.pb.go:161.24,163.3 1 0
github.com/kalpovskii/checklist/internal/app/pb/task_grpc.pb.go:164.2,168.77 2 0
github.com/kalpovskii/checklist/internal/app/pb/task_grpc.pb.go:168.77,170.3 1 0
github.com/kalpovskii/checklist/internal/app/pb/task_grpc.pb.go:171.2,171.44 1 0
github.com/kalpovskii/checklist/internal/app/pb/task_grpc.pb.go:174.163,176.32 2 0
github.com/kalpovskii/checklist/internal/app/pb/task_grpc.pb.go:176.32,178.3 1 0
github.com/kalpovskii/checklist/internal/app/pb/task_grpc.pb.go:179.2,179.24 1 0
github.com/kalpovskii/checklist/internal/app/pb/task_grpc.pb.go:179.24,181.3 1 0
github.com/kalpovskii/checklist/internal/app/pb/task_grpc.pb.go:182.2,186.77 2 0
github.com/kalpovskii/checklist/internal/app/pb/task_grpc.pb.go:186.77,188.3 1 0
github.com/kalpovskii/checklist/internal/app/pb/task_grpc.pb.go:189.2,189.44 1 0
github.com/kalpovskii/checklist/internal/app/pb/task_grpc.pb.go:192.165,194.32 2 0
github.com/kalpovskii/checklist/internal/app/pb/task_grpc.pb.go:194.32,196.3 1 0
github.com/kalpovskii/checklist/internal/app/pb/task_grpc.pb.go:197.2,197.24 1 0
github.com/kalpovskii/checklist/internal/app/pb/task_grpc.pb.go:197.24,199.3 1 0
github.com/kalpovskii/checklist/internal/app/pb/task_grpc.pb.go:200.2,204.77 2 0
github.com/kalpovskii/checklist/internal/app/pb/task_grpc.pb.go:204.77,206.3 1 0
github.com/kalpovskii/checklist/internal/app/pb/task_grpc.pb.go:207.2,207.44 1 0
